  Collision.cpp
C:\Users\2309423\Documents\GitHub\mini_game_project\src\Collision\Collision.cpp(34,22): warning C4244: '=': 'int' から 'float' への変換です。データが失われる可能性があります。
C:\Users\2309423\Documents\GitHub\mini_game_project\src\Collision\Collision.cpp(35,22): warning C4244: '=': 'int' から 'float' への変換です。データが失われる可能性があります。
C:\Users\2309423\Documents\GitHub\mini_game_project\src\Collision\Collision.cpp(36,22): warning C4244: '=': 'int' から 'float' への変換です。データが失われる可能性があります。
C:\Users\2309423\Documents\GitHub\mini_game_project\src\Collision\Collision.cpp(37,22): warning C4244: '=': 'int' から 'float' への変換です。データが失われる可能性があります。
C:\Users\2309423\Documents\GitHub\mini_game_project\src\Collision\Collision.cpp(38,23): warning C4244: '=': 'int' から 'float' への変換です。データが失われる可能性があります。
C:\Users\2309423\Documents\GitHub\mini_game_project\src\Collision\Collision.cpp(39,23): warning C4244: '=': 'int' から 'float' への変換です。データが失われる可能性があります。
  My_Math.cpp
  Pack.cpp
C:\Users\2309423\Documents\GitHub\mini_game_project\src\noda_Pack\Pack.cpp(37,105): warning C4244: '引数': 'float' から 'int' への変換です。データが失われる可能性があります。
C:\Users\2309423\Documents\GitHub\mini_game_project\src\noda_Pack\Pack.cpp(37,96): warning C4244: '引数': 'float' から 'int' への変換です。データが失われる可能性があります。
C:\Users\2309423\Documents\GitHub\mini_game_project\src\noda_Pack\Pack.cpp(37,87): warning C4244: '引数': 'float' から 'int' への変換です。データが失われる可能性があります。
C:\Users\2309423\Documents\GitHub\mini_game_project\src\noda_Pack\Pack.cpp(37,78): warning C4244: '引数': 'float' から 'int' への変換です。データが失われる可能性があります。
C:\Users\2309423\Documents\GitHub\mini_game_project\src\noda_Pack\Pack.cpp(37,66): warning C4244: '引数': 'float' から 'int' への変換です。データが失われる可能性があります。
C:\Users\2309423\Documents\GitHub\mini_game_project\src\noda_Pack\Pack.cpp(37,62): warning C4244: '引数': 'float' から 'int' への変換です。データが失われる可能性があります。
C:\Users\2309423\Documents\GitHub\mini_game_project\src\noda_Pack\Pack.cpp(37,46): warning C4244: '引数': 'float' から 'int' への変換です。データが失われる可能性があります。
C:\Users\2309423\Documents\GitHub\mini_game_project\src\noda_Pack\Pack.cpp(93,51): warning C4244: '引数': 'float' から 'int' への変換です。データが失われる可能性があります。
C:\Users\2309423\Documents\GitHub\mini_game_project\src\noda_Pack\Pack.cpp(93,47): warning C4244: '引数': 'float' から 'int' への変換です。データが失われる可能性があります。
C:\Users\2309423\Documents\GitHub\mini_game_project\src\noda_Pack\Pack.cpp(93,28): warning C4244: '引数': 'float' から 'int' への変換です。データが失われる可能性があります。
  コードを生成中...
  mini_game.vcxproj -> C:\Users\2309423\Documents\GitHub\mini_game_project\x64\Debug\mini_game.exe
